Drill Listing
=============
Drill: .01181  Tool: 1  Feed: 95  Speed: 300
X 259055  Y 223818
X 268897  Y 226968
X 259055  Y 258464
X 268897  Y 258661
X 244881  Y 273425
X 278740  Y 258464
X 288779  Y 258267
X 298818  Y 258070
X 318700  Y 257874
X 308858  Y 257874
X 288779  Y 233070
X 318700  Y 233070
X 308858  Y 233070
X 299015  Y 232874
X 278740  Y 230118
X 321850  Y 187007
X 306692  Y 180511
X 290157  Y 140157
X 305708  Y 120275
X 335039  Y 172244
X 330708  Y 176968
X 325984  Y 184251
X 332283  Y 266535
X 337007  Y 268503
X 340748  Y 270472
X 326968  Y 287204

Drill: .035  Tool: 2  Feed: 197  Speed: 550
X 125196  Y 113779
X 135196  Y 113779
X 145196  Y 113779
X 125196  Y 124015
X 135196  Y 124015
X 145196  Y 124015
X 145196  Y 154015
X 135196  Y 154015
X 125196  Y 154015
X 125196  Y 163779
X 135196  Y 163779
X 145196  Y 163779
X 144881  Y 176377
X 144881  Y 185826
X 144881  Y 215826
X 144881  Y 225196
X 173964  Y 302125
X 164173  Y 284251
X 174173  Y 284251
X 174173  Y 275275
X 164173  Y 275275
X 164173  Y 245275
X 174173  Y 245275
X 174173  Y 236614
X 164173  Y 236614
X 164881  Y 225196
X 174881  Y 225196
X 154881  Y 225196
X 174881  Y 215826
X 164881  Y 215826
X 154881  Y 215826
X 154881  Y 185826
X 164881  Y 185826
X 174881  Y 185826
X 164881  Y 176377
X 154881  Y 176377
X 174881  Y 176377
X 155196  Y 163779
X 165196  Y 163779
X 165196  Y 154015
X 155196  Y 154015
X 155196  Y 124015
X 165196  Y 124015
X 155196  Y 113779
X 165196  Y 113779
X 175196  Y 113779
X 185196  Y 113779
X 195196  Y 113779
X 175196  Y 124015
X 185196  Y 124015
X 195196  Y 124015
X 195196  Y 154015
X 185196  Y 154015
X 175196  Y 154015
X 175196  Y 163779
X 185196  Y 163779
X 195196  Y 163779
X 194881  Y 176377
X 184881  Y 176377
X 184881  Y 185826
X 194881  Y 185826
X 194881  Y 215826
X 184881  Y 215826
X 194881  Y 225196
X 184881  Y 225196
X 194173  Y 236614
X 184173  Y 236614
X 184173  Y 245275
X 194173  Y 245275
X 194173  Y 275275
X 184173  Y 275275
X 184173  Y 284251
X 194173  Y 284251
X 183964  Y 302125
X 193964  Y 302125
X 203964  Y 302125
X 213964  Y 302125
X 223964  Y 302125
X 204173  Y 284251
X 214173  Y 284251
X 224173  Y 284251
X 224173  Y 275275
X 214173  Y 275275
X 204173  Y 275275
X 204173  Y 245275
X 214173  Y 245275
X 224173  Y 245275
X 204173  Y 236614
X 214173  Y 236614
X 224173  Y 236614
X 204881  Y 225196
X 214881  Y 225196
X 214881  Y 215826
X 204881  Y 215826
X 204881  Y 185826
X 214881  Y 185826
X 214881  Y 176377
X 204881  Y 176377
X 209964  Y 112125
X 219964  Y 112125
X 239964  Y 112125
X 249964  Y 112125
X 229964  Y 112125
X 234173  Y 236614
X 234173  Y 245275
X 234173  Y 275275
X 234173  Y 284251
X 243964  Y 302125
X 233964  Y 302125
X 253964  Y 302125
X 263964  Y 302125
X 279964  Y 302125
X 289964  Y 302125
X 299964  Y 302125
X 290535  Y 160767
X 280535  Y 160767
X 259964  Y 112125
X 279964  Y 112125
X 269964  Y 112125
X 300015  Y 112055
X 320015  Y 112055
X 310015  Y 112055
X 330015  Y 112055
X 350015  Y 112055
X 340015  Y 112055
X 310535  Y 160767
X 300535  Y 160767
X 319964  Y 302125
X 349964  Y 302125
X 339964  Y 302125
X 309964  Y 302125
X 329964  Y 302125
X 361248  Y 271177
X 361248  Y 261177
X 361248  Y 251177
X 361248  Y 241177

Drill: .0374  Tool: 3  Feed: 197  Speed: 550
X 345157  Y 141141
X 344960  Y 170669
X 364960  Y 170669
X 354960  Y 170669
X 365157  Y 141141
X 355157  Y 141141

End of Listing
