Drill Listing
=============
Drill: .035  Tool: 1  Feed: 197  Speed: 550
X 125196  Y 113779
X 135196  Y 113779
X 145196  Y 113779
X 155196  Y 113779
X 165196  Y 113779
X 173964  Y 302125
X 183964  Y 302125
X 193964  Y 302125
X 186811  Y 254527
X 196811  Y 254527
X 186811  Y 240944
X 196811  Y 240944
X 187007  Y 219685
X 197007  Y 219685
X 187007  Y 206102
X 197007  Y 206102
X 195196  Y 113779
X 175196  Y 113779
X 185196  Y 113779
X 219964  Y 112125
X 209964  Y 112125
X 207007  Y 206102
X 217007  Y 206102
X 207007  Y 219685
X 217007  Y 219685
X 206811  Y 240944
X 216811  Y 240944
X 206811  Y 254527
X 216811  Y 254527
X 203964  Y 302125
X 213964  Y 302125
X 223964  Y 302125
X 233964  Y 302125
X 243964  Y 302125
X 263964  Y 302125
X 253964  Y 302125
X 249964  Y 112125
X 269964  Y 112125
X 229964  Y 112125
X 259964  Y 112125
X 239964  Y 112125
X 300015  Y 112055
X 310015  Y 112055
X 320015  Y 112055
X 279964  Y 112125
X 299964  Y 302125
X 309964  Y 302125
X 319964  Y 302125
X 289964  Y 302125
X 279964  Y 302125
X 349964  Y 302125
X 329964  Y 302125
X 339964  Y 302125
X 340015  Y 112055
X 330015  Y 112055
X 350015  Y 112055

Drill: .037  Tool: 2  Feed: 197  Speed: 550
X 323228  Y 265748
X 290944  Y 276968

Drill: .0374  Tool: 3  Feed: 197  Speed: 550
X 297637  Y 219881
X 287637  Y 219881
X 277637  Y 219881
X 297637  Y 242125
X 287637  Y 242125
X 277637  Y 242125

End of Listing
